# JRE version: OpenJDK Runtime Environment (8.0_152-b01) (build 1.8.0_152-release-1024-b01)
# Java VM: OpenJDK 64-Bit Server VM (25.152-b01 mixed mode linux-amd64 compressed oops)
Heap:
 PSYoungGen      total 295936K, used 0K [0x00000000e0000000, 0x0000000100000000, 0x0000000100000000)
  eden space 194560K, 0% used [0x00000000e0000000,0x00000000e0000000,0x00000000ebe00000)
  from space 101376K, 0% used [0x00000000ebe00000,0x00000000ebe00000,0x00000000f2100000)
  to   space 166400K, 0% used [0x00000000f5d80000,0x00000000f5d80000,0x0000000100000000)
 ParOldGen       total 155136K, used 104320K [0x00000000a0000000, 0x00000000a9780000, 0x00000000e0000000)
  object space 155136K, 67% used [0x00000000a0000000,0x00000000a65e01d0,0x00000000a9780000)
 Metaspace       used 132578K, capacity 140528K, committed 144716K, reserved 1175552K
  class space    used 16376K, capacity 17807K, committed 18560K, reserved 1048576K
GC Heap History (10 events):
Event: 13810.463 GC heap after
Heap after GC invocations=97 (full 4):
 PSYoungGen      total 300032K, used 86034K [0x00000000e0000000, 0x00000000fb280000, 0x0000000100000000)
  eden space 184832K, 0% used [0x00000000e0000000,0x00000000e0000000,0x00000000eb480000)
  from space 115200K, 74% used [0x00000000eb480000,0x00000000f08849b0,0x00000000f2500000)
  to   space 121856K, 0% used [0x00000000f3b80000,0x00000000f3b80000,0x00000000fb280000)
 ParOldGen       total 155136K, used 119402K [0x00000000a0000000, 0x00000000a9780000, 0x00000000e0000000)
  object space 155136K, 76% used [0x00000000a0000000,0x00000000a749aac8,0x00000000a9780000)
 Metaspace       used 117115K, capacity 125504K, committed 125644K, reserved 1159168K
  class space    used 14517K, capacity 16063K, committed 16128K, reserved 1048576K
}
Event: 13889.923 GC heap before
{Heap before GC invocations=98 (full 4):
 PSYoungGen      total 300032K, used 270866K [0x00000000e0000000, 0x00000000fb280000, 0x0000000100000000)
  eden space 184832K, 100% used [0x00000000e0000000,0x00000000eb480000,0x00000000eb480000)
  from space 115200K, 74% used [0x00000000eb480000,0x00000000f08849b0,0x00000000f2500000)
  to   space 121856K, 0% used [0x00000000f3b80000,0x00000000f3b80000,0x00000000fb280000)
 ParOldGen       total 155136K, used 119402K [0x00000000a0000000, 0x00000000a9780000, 0x00000000e0000000)
  object space 155136K, 76% used [0x00000000a0000000,0x00000000a749aac8,0x00000000a9780000)
 Metaspace       used 123861K, capacity 132698K, committed 133068K, reserved 1165312K
  class space    used 15385K, capacity 17038K, committed 17152K, reserved 1048576K
Event: 13890.130 GC heap after
Heap after GC invocations=98 (full 4):
 PSYoungGen      total 306688K, used 115886K [0x00000000e0000000, 0x00000000fd080000, 0x0000000100000000)
  eden space 184832K, 0% used [0x00000000e0000000,0x00000000e0000000,0x00000000eb480000)
  from space 121856K, 95% used [0x00000000f3b80000,0x00000000facaba48,0x00000000fb280000)
  to   space 138240K, 0% used [0x00000000eb480000,0x00000000eb480000,0x00000000f3b80000)
 ParOldGen       total 155136K, used 119410K [0x00000000a0000000, 0x00000000a9780000, 0x00000000e0000000)
  object space 155136K, 76% used [0x00000000a0000000,0x00000000a749cac8,0x00000000a9780000)
 Metaspace       used 123861K, capacity 132698K, committed 133068K, reserved 1165312K
  class space    used 15385K, capacity 17038K, committed 17152K, reserved 1048576K
}
Event: 13893.055 GC heap before
{Heap before GC invocations=99 (full 4):
 PSYoungGen      total 306688K, used 300718K [0x00000000e0000000, 0x00000000fd080000, 0x0000000100000000)
  eden space 184832K, 100% used [0x00000000e0000000,0x00000000eb480000,0x00000000eb480000)
  from space 121856K, 95% used [0x00000000f3b80000,0x00000000facaba48,0x00000000fb280000)
  to   space 138240K, 0% used [0x00000000eb480000,0x00000000eb480000,0x00000000f3b80000)
 ParOldGen       total 155136K, used 119410K [0x00000000a0000000, 0x00000000a9780000, 0x00000000e0000000)
  object space 155136K, 76% used [0x00000000a0000000,0x00000000a749cac8,0x00000000a9780000)
 Metaspace       used 129267K, capacity 138548K, committed 138828K, reserved 1169408K
  class space    used 16197K, capacity 17935K, committed 18048K, reserved 1048576K
Event: 13893.283 GC heap after
Heap after GC invocations=99 (full 4):
 PSYoungGen      total 323072K, used 124842K [0x00000000e0000000, 0x00000000ff780000, 0x0000000100000000)
  eden space 184832K, 0% used [0x00000000e0000000,0x00000000e0000000,0x00000000eb480000)
  from space 138240K, 90% used [0x00000000eb480000,0x00000000f2e6a998,0x00000000f3b80000)
  to   space 154624K, 0% used [0x00000000f6080000,0x00000000f6080000,0x00000000ff780000)
 ParOldGen       total 155136K, used 119410K [0x00000000a0000000, 0x00000000a9780000, 0x00000000e0000000)
  object space 155136K, 76% used [0x00000000a0000000,0x00000000a749cac8,0x00000000a9780000)
 Metaspace       used 129267K, capacity 138548K, committed 138828K, reserved 1169408K
  class space    used 16197K, capacity 17935K, committed 18048K, reserved 1048576K
}
Event: 13899.040 GC heap before
{Heap before GC invocations=100 (full 4):
 PSYoungGen      total 323072K, used 309674K [0x00000000e0000000, 0x00000000ff780000, 0x0000000100000000)
  eden space 184832K, 100% used [0x00000000e0000000,0x00000000eb480000,0x00000000eb480000)
  from space 138240K, 90% used [0x00000000eb480000,0x00000000f2e6a998,0x00000000f3b80000)
  to   space 154624K, 0% used [0x00000000f6080000,0x00000000f6080000,0x00000000ff780000)
 ParOldGen       total 155136K, used 119410K [0x00000000a0000000, 0x00000000a9780000, 0x00000000e0000000)
  object space 155136K, 76% used [0x00000000a0000000,0x00000000a749cac8,0x00000000a9780000)
 Metaspace       used 132985K, capacity 142558K, committed 142668K, reserved 1173504K
  class space    used 16524K, capacity 18294K, committed 18304K, reserved 1048576K
Event: 13899.247 GC heap after
Heap after GC invocations=100 (full 4):
 PSYoungGen      total 349184K, used 118411K [0x00000000e0000000, 0x0000000100000000, 0x0000000100000000)
  eden space 194560K, 0% used [0x00000000e0000000,0x00000000e0000000,0x00000000ebe00000)
  from space 154624K, 76% used [0x00000000f6080000,0x00000000fd422f50,0x00000000ff780000)
  to   space 164864K, 0% used [0x00000000ebe00000,0x00000000ebe00000,0x00000000f5f00000)
 ParOldGen       total 155136K, used 128117K [0x00000000a0000000, 0x00000000a9780000, 0x00000000e0000000)
  object space 155136K, 82% used [0x00000000a0000000,0x00000000a7d1d690,0x00000000a9780000)
 Metaspace       used 132985K, capacity 142558K, committed 142668K, reserved 1173504K
  class space    used 16524K, capacity 18294K, committed 18304K, reserved 1048576K
}
Event: 13976.963 GC heap before
{Heap before GC invocations=101 (full 4):
 PSYoungGen      total 349184K, used 312971K [0x00000000e0000000, 0x0000000100000000, 0x0000000100000000)
  eden space 194560K, 100% used [0x00000000e0000000,0x00000000ebe00000,0x00000000ebe00000)
  from space 154624K, 76% used [0x00000000f6080000,0x00000000fd422f50,0x00000000ff780000)
  to   space 164864K, 0% used [0x00000000ebe00000,0x00000000ebe00000,0x00000000f5f00000)
 ParOldGen       total 155136K, used 128117K [0x00000000a0000000, 0x00000000a9780000, 0x00000000e0000000)
  object space 155136K, 82% used [0x00000000a0000000,0x00000000a7d1d690,0x00000000a9780000)
 Metaspace       used 134663K, capacity 144468K, committed 144716K, reserved 1175552K
  class space    used 16749K, capacity 18541K, committed 18560K, reserved 1048576K
Event: 13977.173 GC heap after
Heap after GC invocations=101 (full 4):
 PSYoungGen      total 295936K, used 100945K [0x00000000e0000000, 0x0000000100000000, 0x0000000100000000)
  eden space 194560K, 0% used [0x00000000e0000000,0x00000000e0000000,0x00000000ebe00000)
  from space 101376K, 99% used [0x00000000ebe00000,0x00000000f2094588,0x00000000f2100000)
  to   space 166400K, 0% used [0x00000000f5d80000,0x00000000f5d80000,0x0000000100000000)
 ParOldGen       total 155136K, used 145795K [0x00000000a0000000, 0x00000000a9780000, 0x00000000e0000000)
  object space 155136K, 93% used [0x00000000a0000000,0x00000000a8e60cd0,0x00000000a9780000)
 Metaspace       used 134663K, capacity 144468K, committed 144716K, reserved 1175552K
  class space    used 16749K, capacity 18541K, committed 18560K, reserved 1048576K
}
Event: 13977.173 GC heap before
{Heap before GC invocations=102 (full 5):
 PSYoungGen      total 295936K, used 100945K [0x00000000e0000000, 0x0000000100000000, 0x0000000100000000)
  eden space 194560K, 0% used [0x00000000e0000000,0x00000000e0000000,0x00000000ebe00000)
  from space 101376K, 99% used [0x00000000ebe00000,0x00000000f2094588,0x00000000f2100000)
  to   space 166400K, 0% used [0x00000000f5d80000,0x00000000f5d80000,0x0000000100000000)
 ParOldGen       total 155136K, used 145795K [0x00000000a0000000, 0x00000000a9780000, 0x00000000e0000000)
  object space 155136K, 93% used [0x00000000a0000000,0x00000000a8e60cd0,0x00000000a9780000)
 Metaspace       used 134663K, capacity 144468K, committed 144716K, reserved 1175552K
  class space    used 16749K, capacity 18541K, committed 18560K, reserved 1048576K

